{"name": "test_slider_mouse", "status": "failed", "statusDetails": {"message": "AssertionError: assert '0' == '2.5'\n  \n  \u001b[0m\u001b[91m- 2.5\u001b[39;49;00m\u001b[90m\u001b[39;49;00m\n  \u001b[92m+ 0\u001b[39;49;00m\u001b[90m\u001b[39;49;00m", "trace": "self = <test_horizontal_slider.TestHorizontalSlider object at 0x106526520>, driver = <selenium.webdriver.chrome.webdriver.WebDriver (session=\"ef745f5b0d79184e7a609813b43ff7d0\")>\n\n    @pytest.mark.slider\n    def test_slider_mouse(self, driver):\n        driver.get(\"https://the-internet.herokuapp.com/horizontal_slider\")\n    \n        # Find Slider\n        slider = driver.find_element(By.XPATH, \"//div[@class='sliderContainer']/input\")\n        width = slider.size[\"width\"]\n    \n        # Move to beginning of Slider\n        actions = ActionChains(driver)\n        actions.move_to_element(slider).perform()  # Centralise the mouse within the element first\n        actions.move_by_offset((width / 2 * -1), 0).perform()\n    \n        # Start of Slider value\n        value = driver.find_element(By.XPATH, \"//span[@id='range']\")\n        assert value.text == \"0\"\n    \n        # Click and drag to increase value\n        actions.click_and_hold(slider).move_by_offset(width, 0).perform()\n    \n        value = driver.find_element(By.XPATH, \"//span[@id='range']\")\n>       assert value.text == \"2.5\"\nE       AssertionError: assert '0' == '2.5'\nE         \nE         \u001b[0m\u001b[91m- 2.5\u001b[39;49;00m\u001b[90m\u001b[39;49;00m\nE         \u001b[92m+ 0\u001b[39;49;00m\u001b[90m\u001b[39;49;00m\n\ntest_horizontal_slider.py:51: AssertionError"}, "attachments": [{"name": "screenshot_on_failure", "source": "df4a4f89-c1ed-4c39-aa15-79554c0e174b-attachment.png", "type": "image/png"}], "start": 1762777774576, "stop": 1762777779070, "uuid": "6ca2f9fc-dc86-454e-b5a3-73dd910c9e3c", "historyId": "fb35dd9549a2e5054154a25c47281ffa", "testCaseId": "fb35dd9549a2e5054154a25c47281ffa", "fullName": "test_horizontal_slider.TestHorizontalSlider#test_slider_mouse", "labels": [{"name": "tag", "value": "slider"}, {"name": "suite", "value": "test_horizontal_slider"}, {"name": "subSuite", "value": "TestHorizontalSlider"}, {"name": "host", "value": "waffles.local"}, {"name": "thread", "value": "38325-MainThread"}, {"name": "framework", "value": "pytest"}, {"name": "language", "value": "cpython3"}, {"name": "package", "value": "test_horizontal_slider"}], "titlePath": ["test_horizontal_slider.py", "TestHorizontalSlider"]}