{"name": "test_dynamic_content_some", "status": "failed", "statusDetails": {"message": "AssertionError: assert 'https://the-internet.herokuapp.com/img/avatars/Original-Facebook-Geek-Profile-Avatar-5.jpg' != 'https://the-internet.herokuapp.com/img/avatars/Original-Facebook-Geek-Profile-Avatar-5.jpg'", "trace": "self = <test_dynamic_content.TestDynamicContent object at 0x107004340>\ndriver = <selenium.webdriver.chrome.webdriver.WebDriver (session=\"19e1a6facbd26d9dd598d65025c93362\")>\n\n    @pytest.mark.dynamic\n    def test_dynamic_content_some(self, driver):\n        driver.get(\"https://the-internet.herokuapp.com/dynamic_content?with_content=static\")\n        rows = driver.find_elements(By.XPATH, \"//div[@class='large-10 columns']\")\n        row1 = rows[0].text\n        row2 = rows[1].text\n        row3 = rows[2].text\n        pictures = driver.find_elements(By.XPATH, \"//div[@class='large-2 columns']/img\")\n        pic1 = pictures[0].get_attribute(\"src\")\n        pic2 = pictures[1].get_attribute(\"src\")\n        pic3 = pictures[2].get_attribute(\"src\")\n        driver.refresh()\n        rows = driver.find_elements(By.XPATH, \"//div[@class='large-10 columns']\")\n        row1_new = rows[0].text\n        row2_new = rows[1].text\n        row3_new = rows[2].text\n        pictures = driver.find_elements(By.XPATH, \"//div[@class='large-2 columns']/img\")\n        pic1_new = pictures[0].get_attribute(\"src\")\n        pic2_new = pictures[1].get_attribute(\"src\")\n        pic3_new = pictures[2].get_attribute(\"src\")\n        assert row1 == row1_new\n        assert row2 == row2_new\n        assert row3 != row3_new\n        assert pic1 == pic1_new\n        assert pic2 == pic2_new\n>       assert pic3 != pic3_new\nE       AssertionError: assert 'https://the-internet.herokuapp.com/img/avatars/Original-Facebook-Geek-Profile-Avatar-5.jpg' != 'https://the-internet.herokuapp.com/img/avatars/Original-Facebook-Geek-Profile-Avatar-5.jpg'\n\ntest_dynamic_content.py:61: AssertionError"}, "attachments": [{"name": "screenshot_on_failure", "source": "13095d49-2ef1-41b2-87eb-9794a9bb30ff-attachment.png", "type": "image/png"}], "start": 1762585819707, "stop": 1762585823192, "uuid": "4b1665d7-d059-4dd3-9b08-58f5797d04d9", "historyId": "573f0b0adfc41a0597af21f89a8ae47e", "testCaseId": "573f0b0adfc41a0597af21f89a8ae47e", "fullName": "test_dynamic_content.TestDynamicContent#test_dynamic_content_some", "labels": [{"name": "tag", "value": "dynamic"}, {"name": "suite", "value": "test_dynamic_content"}, {"name": "subSuite", "value": "TestDynamicContent"}, {"name": "host", "value": "waffles.local"}, {"name": "thread", "value": "16094-MainThread"}, {"name": "framework", "value": "pytest"}, {"name": "language", "value": "cpython3"}, {"name": "package", "value": "test_dynamic_content"}], "titlePath": ["test_dynamic_content.py", "TestDynamicContent"]}