{"name": "test_positive_login", "status": "broken", "statusDetails": {"message": "selenium.common.exceptions.TimeoutException: Message: \nStacktrace:\n0   chromedriver                        0x000000010085baa4 cxxbridge1$str$ptr + 2943380\n1   chromedriver                        0x0000000100853760 cxxbridge1$str$ptr + 2909776\n2   chromedriver                        0x000000010036a2bc _RNvCsgXDX2mvAJAg_7___rustc35___rust_no_alloc_shim_is_unstable_v2 + 74028\n3   chromedriver                        0x00000001003b18ac _RNvCsgXDX2mvAJAg_7___rustc35___rust_no_alloc_shim_is_unstable_v2 + 366364\n4   chromedriver                        0x00000001003f2d78 _RNvCsgXDX2mvAJAg_7___rustc35___rust_no_alloc_shim_is_unstable_v2 + 633832\n5   chromedriver                        0x00000001003a5f10 _RNvCsgXDX2mvAJAg_7___rustc35___rust_no_alloc_shim_is_unstable_v2 + 318848\n6   chromedriver                        0x000000010081db98 cxxbridge1$str$ptr + 2689672\n7   chromedriver                        0x00000001008213ac cxxbridge1$str$ptr + 2704028\n8   chromedriver                        0x00000001007fea08 cxxbridge1$str$ptr + 2562296\n9   chromedriver                        0x0000000100821c84 cxxbridge1$str$ptr + 2706292\n10  chromedriver                        0x00000001007f0304 cxxbridge1$str$ptr + 2503156\n11  chromedriver                        0x0000000100841d58 cxxbridge1$str$ptr + 2837576\n12  chromedriver                        0x0000000100841edc cxxbridge1$str$ptr + 2837964\n13  chromedriver                        0x00000001008533b0 cxxbridge1$str$ptr + 2908832\n14  libsystem_pthread.dylib             0x0000000197cf3c0c _pthread_start + 136\n15  libsystem_pthread.dylib             0x0000000197ceeb80 thread_start + 8", "trace": "self = <test_login.TestLogin object at 0x109aabfa0>, driver = <selenium.webdriver.chrome.webdriver.WebDriver (session=\"3b88943efc1d3c64b1ea6a00a49ad0f8\")>\n\n    @pytest.mark.login\n    def test_positive_login(self, driver):\n        wait = WebDriverWait(driver, 10)\n        driver.get(\"https://the-internet.herokuapp.com/login\")\n    \n        username = \"tomsmith\"\n        password = \"SuperSecretPassword!\"\n    \n        username_input = driver.find_element(By.XPATH, \"//input[@id='username']\")\n        username_input.send_keys(username)\n    \n        password_input = driver.find_element(By.XPATH, \"//input[@id='password']\")\n        password_input.send_keys(password)\n    \n        login_button = driver.find_element(By.XPATH, \"//form[@id='login']/button\")\n        login_button.click()\n    \n        success_alert = wait.until(ec.presence_of_element_located((By.XPATH, \"//div[@id='flash']\")))\n        assert success_alert.text.split('\\n')[0] == \"You logged into a secure area!\"\n        assert success_alert.is_displayed()\n        assert driver.current_url == \"https://the-internet.herokuapp.com/secure\"\n    \n        logout_button = driver.find_element(By.XPATH, \"//a[@class='button secondary radius']\")\n        logout_button.click()\n>       if wait.until(ec.visibility_of_element_located((By.XPATH, \"//div[contains(text(), 'You logged out of the secure area!')]\"))):\n\ntest_login.py:33: \n_ _ _ _ _ _ _ _ _ _ _ _ _ _ _ _ _ _ _ _ _ _ _ _ _ _ _ _ _ _ _ _ _ _ _ _ _ _ _ _ _ _ _ _ _ _ _ _ _ _ _ _ _ _ _ _ _ _ _ _ _ _ _ _ _ _ _ _ _ _ _ _ _ _ _ _ _ _ _ _ _ _ _ _ _ _ _ _ _ _ _ _ _ _ _ _ _ _ _ _ _ _ _ _ _ _ _ _ _ _ _ _ _ _ _ _ _ _ \n\nself = <selenium.webdriver.support.wait.WebDriverWait (session=\"3b88943efc1d3c64b1ea6a00a49ad0f8\")>, method = <function visibility_of_element_located.<locals>._predicate at 0x109be9280>, message = ''\n\n    def until(self, method: Callable[[D], Union[Literal[False], T]], message: str = \"\") -> T:\n        \"\"\"Wait until the method returns a value that is not False.\n    \n        Calls the method provided with the driver as an argument until the\n        return value does not evaluate to ``False``.\n    \n        Parameters:\n        -----------\n        method: callable(WebDriver)\n            - A callable object that takes a WebDriver instance as an argument.\n    \n        message: str\n            - Optional message for :exc:`TimeoutException`\n    \n        Return:\n        -------\n        object: T\n            - The result of the last call to `method`\n    \n        Raises:\n        -------\n        TimeoutException\n            - If 'method' does not return a truthy value within the WebDriverWait\n            object's timeout\n    \n        Example:\n        --------\n        >>> from selenium.webdriver.common.by import By\n        >>> from selenium.webdriver.support.ui import WebDriverWait\n        >>> from selenium.webdriver.support import expected_conditions as EC\n    \n        # Wait until an element is visible on the page\n        >>> wait = WebDriverWait(driver, 10)\n        >>> element = wait.until(EC.visibility_of_element_located((By.ID, \"exampleId\")))\n        >>> print(element.text)\n        \"\"\"\n        screen = None\n        stacktrace = None\n    \n        end_time = time.monotonic() + self._timeout\n        while True:\n            try:\n                value = method(self._driver)\n                if value:\n                    return value\n            except self._ignored_exceptions as exc:\n                screen = getattr(exc, \"screen\", None)\n                stacktrace = getattr(exc, \"stacktrace\", None)\n            if time.monotonic() > end_time:\n                break\n            time.sleep(self._poll)\n>       raise TimeoutException(message, screen, stacktrace)\nE       selenium.common.exceptions.TimeoutException: Message: \nE       Stacktrace:\nE       0   chromedriver                        0x000000010085baa4 cxxbridge1$str$ptr + 2943380\nE       1   chromedriver                        0x0000000100853760 cxxbridge1$str$ptr + 2909776\nE       2   chromedriver                        0x000000010036a2bc _RNvCsgXDX2mvAJAg_7___rustc35___rust_no_alloc_shim_is_unstable_v2 + 74028\nE       3   chromedriver                        0x00000001003b18ac _RNvCsgXDX2mvAJAg_7___rustc35___rust_no_alloc_shim_is_unstable_v2 + 366364\nE       4   chromedriver                        0x00000001003f2d78 _RNvCsgXDX2mvAJAg_7___rustc35___rust_no_alloc_shim_is_unstable_v2 + 633832\nE       5   chromedriver                        0x00000001003a5f10 _RNvCsgXDX2mvAJAg_7___rustc35___rust_no_alloc_shim_is_unstable_v2 + 318848\nE       6   chromedriver                        0x000000010081db98 cxxbridge1$str$ptr + 2689672\nE       7   chromedriver                        0x00000001008213ac cxxbridge1$str$ptr + 2704028\nE       8   chromedriver                        0x00000001007fea08 cxxbridge1$str$ptr + 2562296\nE       9   chromedriver                        0x0000000100821c84 cxxbridge1$str$ptr + 2706292\nE       10  chromedriver                        0x00000001007f0304 cxxbridge1$str$ptr + 2503156\nE       11  chromedriver                        0x0000000100841d58 cxxbridge1$str$ptr + 2837576\nE       12  chromedriver                        0x0000000100841edc cxxbridge1$str$ptr + 2837964\nE       13  chromedriver                        0x00000001008533b0 cxxbridge1$str$ptr + 2908832\nE       14  libsystem_pthread.dylib             0x0000000197cf3c0c _pthread_start + 136\nE       15  libsystem_pthread.dylib             0x0000000197ceeb80 thread_start + 8\n\nvenv/lib/python3.9/site-packages/selenium/webdriver/support/wait.py:138: TimeoutException"}, "attachments": [{"name": "screenshot_on_failure", "source": "8d927ee9-d249-42da-af60-7386e8fe8497-attachment.png", "type": "image/png"}], "start": 1763080383067, "stop": 1763080399181, "uuid": "6815b4e5-4c8e-41c4-bec5-0ce38534a556", "historyId": "b366bf89443a4815f68bcab8274a7aff", "testCaseId": "b366bf89443a4815f68bcab8274a7aff", "fullName": "test_login.TestLogin#test_positive_login", "labels": [{"name": "tag", "value": "login"}, {"name": "suite", "value": "test_login"}, {"name": "subSuite", "value": "TestLogin"}, {"name": "host", "value": "waffles.local"}, {"name": "thread", "value": "46432-MainThread"}, {"name": "framework", "value": "pytest"}, {"name": "language", "value": "cpython3"}, {"name": "package", "value": "test_login"}], "titlePath": ["test_login.py", "TestLogin"]}