{"name": "test_entry_modal", "status": "broken", "statusDetails": {"message": "selenium.common.exceptions.TimeoutException: Message:", "trace": "self = <test_entry_modal.TestEntryModal object at 0x1065928e0>, driver = <selenium.webdriver.chrome.webdriver.WebDriver (session=\"a656e08c13ed0a5fccb04e9466435870\")>\n\n    @pytest.mark.modal\n    def test_entry_modal(self, driver):\n        wait = WebDriverWait(driver, 10)\n        driver.get(\"https://the-internet.herokuapp.com/entry_ad\")\n    \n        # Visible on first load\n        modal = wait.until(ec.visibility_of_element_located((By.ID, \"modal\")))\n        assert modal.is_displayed()\n    \n        # Close modal\n        close_button = wait.until(ec.element_to_be_clickable((By.XPATH, \"//div[@class='modal-footer']/p\")))\n        close_button.click()\n    \n        # Modal should no longer be visible\n>       assert wait.until(ec.invisibility_of_element_located((By.XPATH, \"//div[@id='modal']\")))\n\ntest_entry_modal.py:22: \n_ _ _ _ _ _ _ _ _ _ _ _ _ _ _ _ _ _ _ _ _ _ _ _ _ _ _ _ _ _ _ _ _ _ _ _ _ _ _ _ _ _ _ _ _ _ _ _ _ _ _ _ _ _ _ _ _ _ _ _ _ _ _ _ _ _ _ _ _ _ _ _ _ _ _ _ _ _ _ _ _ _ _ _ _ _ _ _ _ _ _ _ _ _ _ _ _ _ _ _ _ _ _ _ _ _ _ _ _ _ _ _ _ _ _ _ _ _ _ _\n\nself = <selenium.webdriver.support.wait.WebDriverWait (session=\"a656e08c13ed0a5fccb04e9466435870\")>, method = <function invisibility_of_element_located.<locals>._predicate at 0x10662eca0>, message = ''\n\n    def until(self, method: Callable[[D], Union[Literal[False], T]], message: str = \"\") -> T:\n        \"\"\"Wait until the method returns a value that is not False.\n    \n        Calls the method provided with the driver as an argument until the\n        return value does not evaluate to ``False``.\n    \n        Parameters:\n        -----------\n        method: callable(WebDriver)\n            - A callable object that takes a WebDriver instance as an argument.\n    \n        message: str\n            - Optional message for :exc:`TimeoutException`\n    \n        Return:\n        -------\n        object: T\n            - The result of the last call to `method`\n    \n        Raises:\n        -------\n        TimeoutException\n            - If 'method' does not return a truthy value within the WebDriverWait\n            object's timeout\n    \n        Example:\n        --------\n        >>> from selenium.webdriver.common.by import By\n        >>> from selenium.webdriver.support.ui import WebDriverWait\n        >>> from selenium.webdriver.support import expected_conditions as EC\n    \n        # Wait until an element is visible on the page\n        >>> wait = WebDriverWait(driver, 10)\n        >>> element = wait.until(EC.visibility_of_element_located((By.ID, \"exampleId\")))\n        >>> print(element.text)\n        \"\"\"\n        screen = None\n        stacktrace = None\n    \n        end_time = time.monotonic() + self._timeout\n        while True:\n            try:\n                value = method(self._driver)\n                if value:\n                    return value\n            except self._ignored_exceptions as exc:\n                screen = getattr(exc, \"screen\", None)\n                stacktrace = getattr(exc, \"stacktrace\", None)\n            if time.monotonic() > end_time:\n                break\n            time.sleep(self._poll)\n>       raise TimeoutException(message, screen, stacktrace)\nE       selenium.common.exceptions.TimeoutException: Message:\n\nvenv/lib/python3.9/site-packages/selenium/webdriver/support/wait.py:138: TimeoutException"}, "attachments": [{"name": "screenshot_on_failure", "source": "3e930836-562d-4f40-8b9a-33851333abcc-attachment.png", "type": "image/png"}], "start": 1762851175036, "stop": 1762851189282, "uuid": "5cf6d2cc-e345-45a6-81c0-e301c8061d90", "historyId": "8bcafe1bdd7588db55d3dc65099c31cf", "testCaseId": "8bcafe1bdd7588db55d3dc65099c31cf", "fullName": "test_entry_modal.TestEntryModal#test_entry_modal", "labels": [{"name": "tag", "value": "modal"}, {"name": "suite", "value": "test_entry_modal"}, {"name": "subSuite", "value": "TestEntryModal"}, {"name": "host", "value": "waffles.local"}, {"name": "thread", "value": "57441-MainThread"}, {"name": "framework", "value": "pytest"}, {"name": "language", "value": "cpython3"}, {"name": "package", "value": "test_entry_modal"}], "titlePath": ["test_entry_modal.py", "TestEntryModal"]}