{"name": "test_all_login_cases[incorrect-username]", "status": "broken", "statusDetails": {"message": "selenium.common.exceptions.NoSuchElementException: Message: no such element: Unable to locate element: {\"method\":\"xpath\",\"selector\":\"//div[@class='example']/p\"}\n  (Session info: chrome=142.0.7444.135); For documentation on this error, please visit: https://www.selenium.dev/documentation/webdriver/troubleshooting/errors#nosuchelementexception\nStacktrace:\n0   chromedriver                        0x000000010540b3d8 cxxbridge1$str$ptr + 2941356\n1   chromedriver                        0x0000000105403094 cxxbridge1$str$ptr + 2907752\n2   chromedriver                        0x0000000104f1a2c4 _RNvCsgXDX2mvAJAg_7___rustc35___rust_no_alloc_shim_is_unstable_v2 + 74028\n3   chromedriver                        0x0000000104f618b4 _RNvCsgXDX2mvAJAg_7___rustc35___rust_no_alloc_shim_is_unstable_v2 + 366364\n4   chromedriver                        0x0000000104fa2d84 _RNvCsgXDX2mvAJAg_7___rustc35___rust_no_alloc_shim_is_unstable_v2 + 633836\n5   chromedriver                        0x0000000104f55f18 _RNvCsgXDX2mvAJAg_7___rustc35___rust_no_alloc_shim_is_unstable_v2 + 318848\n6   chromedriver                        0x00000001053cd81c cxxbridge1$str$ptr + 2688496\n7   chromedriver                        0x00000001053d1038 cxxbridge1$str$ptr + 2702860\n8   chromedriver                        0x00000001053ae634 cxxbridge1$str$ptr + 2561032\n9   chromedriver                        0x00000001053d1910 cxxbridge1$str$ptr + 2705124\n10  chromedriver                        0x000000010539fed4 cxxbridge1$str$ptr + 2501800\n11  chromedriver                        0x00000001053f1a40 cxxbridge1$str$ptr + 2836500\n12  chromedriver                        0x00000001053f1bc4 cxxbridge1$str$ptr + 2836888\n13  chromedriver                        0x0000000105402ce4 cxxbridge1$str$ptr + 2906808\n14  libsystem_pthread.dylib             0x0000000197cf3c0c _pthread_start + 136\n15  libsystem_pthread.dylib             0x0000000197ceeb80 thread_start + 8", "trace": "self = <test_basic_auth.TestBasicAuth object at 0x107517460>\ndriver = <selenium.webdriver.chrome.webdriver.WebDriver (session=\"6dcbe279ad0735b23ea68b104e3b6c94\")>\nusername = 'incorrect-username', password = 'admin'\n\n    @pytest.mark.login\n    @pytest.mark.parametrize(\"username, password\",[\n        (\"admin\", \"admin\"),\n        (\"incorrect-username\", \"admin\"),\n        (\"admin\", \"incorrect-password\"),\n        (\"incorrect\", \"incorrect\")\n    ], ids=['correct-login', 'incorrect-username', 'incorrect-password', 'incorrect-login'])\n    def test_all_login_cases(self, driver, username, password):\n        URL = \"https://\" + username + \":\" + password + \"@\" + \"the-internet.herokuapp.com/basic_auth\"\n        driver.get(URL)\n        # wait = WebDriverWait(driver, 10)\n>       text_locator = driver.find_element(By.XPATH, \"//div[@class='example']/p\")\n\ntest_basic_auth.py:20: \n_ _ _ _ _ _ _ _ _ _ _ _ _ _ _ _ _ _ _ _ _ _ _ _ _ _ _ _ _ _ _ _ _ _ _ _ _ _ _ _ \nvenv/lib/python3.9/site-packages/selenium/webdriver/remote/webdriver.py:926: in find_element\n    return self.execute(Command.FIND_ELEMENT, {\"using\": by, \"value\": value})[\"value\"]\nvenv/lib/python3.9/site-packages/selenium/webdriver/remote/webdriver.py:458: in execute\n    self.error_handler.check_response(response)\n_ _ _ _ _ _ _ _ _ _ _ _ _ _ _ _ _ _ _ _ _ _ _ _ _ _ _ _ _ _ _ _ _ _ _ _ _ _ _ _ \n\nself = <selenium.webdriver.remote.errorhandler.ErrorHandler object at 0x110121370>\nresponse = {'status': 404, 'value': '{\"value\":{\"error\":\"no such element\",\"message\":\"no such element: Unable to locate element: {\\...000197cf3c0c _pthread_start + 136\\\\n15  libsystem_pthread.dylib             0x0000000197ceeb80 thread_start + 8\\\\n\"}}'}\n\n    def check_response(self, response: dict[str, Any]) -> None:\n        \"\"\"Checks that a JSON response from the WebDriver does not have an\n        error.\n    \n        :Args:\n         - response - The JSON response from the WebDriver server as a dictionary\n           object.\n    \n        :Raises: If the response contains an error message.\n        \"\"\"\n        status = response.get(\"status\", None)\n        if not status or status == ErrorCode.SUCCESS:\n            return\n        value = None\n        message = response.get(\"message\", \"\")\n        screen: str = response.get(\"screen\", \"\")\n        stacktrace = None\n        if isinstance(status, int):\n            value_json = response.get(\"value\", None)\n            if value_json and isinstance(value_json, str):\n                try:\n                    value = json.loads(value_json)\n                    if isinstance(value, dict):\n                        if len(value) == 1:\n                            value = value[\"value\"]\n                        status = value.get(\"error\", None)\n                        if not status:\n                            status = value.get(\"status\", ErrorCode.UNKNOWN_ERROR)\n                            message = value.get(\"value\") or value.get(\"message\")\n                            if not isinstance(message, str):\n                                value = message\n                                message = message.get(\"message\") if isinstance(message, dict) else None\n                        else:\n                            message = value.get(\"message\", None)\n                except ValueError:\n                    pass\n    \n        exception_class: type[WebDriverException]\n        e = ErrorCode()\n        error_codes = [item for item in dir(e) if not item.startswith(\"__\")]\n        for error_code in error_codes:\n            error_info = getattr(ErrorCode, error_code)\n            if isinstance(error_info, list) and status in error_info:\n                exception_class = getattr(ExceptionMapping, error_code, WebDriverException)\n                break\n        else:\n            exception_class = WebDriverException\n    \n        if not value:\n            value = response[\"value\"]\n        if isinstance(value, str):\n            raise exception_class(value)\n        if message == \"\" and \"message\" in value:\n            message = value[\"message\"]\n    \n        screen = None  # type: ignore[assignment]\n        if \"screen\" in value:\n            screen = value[\"screen\"]\n    \n        stacktrace = None\n        st_value = value.get(\"stackTrace\") or value.get(\"stacktrace\")\n        if st_value:\n            if isinstance(st_value, str):\n                stacktrace = st_value.split(\"\\n\")\n            else:\n                stacktrace = []\n                try:\n                    for frame in st_value:\n                        line = frame.get(\"lineNumber\", \"\")\n                        file = frame.get(\"fileName\", \"<anonymous>\")\n                        if line:\n                            file = f\"{file}:{line}\"\n                        meth = frame.get(\"methodName\", \"<anonymous>\")\n                        if \"className\" in frame:\n                            meth = f\"{frame['className']}.{meth}\"\n                        msg = \"    at %s (%s)\"\n                        msg = msg % (meth, file)\n                        stacktrace.append(msg)\n                except TypeError:\n                    pass\n        if exception_class == UnexpectedAlertPresentException:\n            alert_text = None\n            if \"data\" in value:\n                alert_text = value[\"data\"].get(\"text\")\n            elif \"alert\" in value:\n                alert_text = value[\"alert\"].get(\"text\")\n            raise exception_class(message, screen, stacktrace, alert_text)  # type: ignore[call-arg]  # mypy is not smart enough here\n>       raise exception_class(message, screen, stacktrace)\nE       selenium.common.exceptions.NoSuchElementException: Message: no such element: Unable to locate element: {\"method\":\"xpath\",\"selector\":\"//div[@class='example']/p\"}\nE         (Session info: chrome=142.0.7444.135); For documentation on this error, please visit: https://www.selenium.dev/documentation/webdriver/troubleshooting/errors#nosuchelementexception\nE       Stacktrace:\nE       0   chromedriver                        0x000000010540b3d8 cxxbridge1$str$ptr + 2941356\nE       1   chromedriver                        0x0000000105403094 cxxbridge1$str$ptr + 2907752\nE       2   chromedriver                        0x0000000104f1a2c4 _RNvCsgXDX2mvAJAg_7___rustc35___rust_no_alloc_shim_is_unstable_v2 + 74028\nE       3   chromedriver                        0x0000000104f618b4 _RNvCsgXDX2mvAJAg_7___rustc35___rust_no_alloc_shim_is_unstable_v2 + 366364\nE       4   chromedriver                        0x0000000104fa2d84 _RNvCsgXDX2mvAJAg_7___rustc35___rust_no_alloc_shim_is_unstable_v2 + 633836\nE       5   chromedriver                        0x0000000104f55f18 _RNvCsgXDX2mvAJAg_7___rustc35___rust_no_alloc_shim_is_unstable_v2 + 318848\nE       6   chromedriver                        0x00000001053cd81c cxxbridge1$str$ptr + 2688496\nE       7   chromedriver                        0x00000001053d1038 cxxbridge1$str$ptr + 2702860\nE       8   chromedriver                        0x00000001053ae634 cxxbridge1$str$ptr + 2561032\nE       9   chromedriver                        0x00000001053d1910 cxxbridge1$str$ptr + 2705124\nE       10  chromedriver                        0x000000010539fed4 cxxbridge1$str$ptr + 2501800\nE       11  chromedriver                        0x00000001053f1a40 cxxbridge1$str$ptr + 2836500\nE       12  chromedriver                        0x00000001053f1bc4 cxxbridge1$str$ptr + 2836888\nE       13  chromedriver                        0x0000000105402ce4 cxxbridge1$str$ptr + 2906808\nE       14  libsystem_pthread.dylib             0x0000000197cf3c0c _pthread_start + 136\nE       15  libsystem_pthread.dylib             0x0000000197ceeb80 thread_start + 8\n\nvenv/lib/python3.9/site-packages/selenium/webdriver/remote/errorhandler.py:232: NoSuchElementException"}, "parameters": [{"name": "username", "value": "'incorrect-username'"}, {"name": "password", "value": "'admin'"}], "start": 1762474056985, "stop": 1762474058705, "uuid": "cb4ae645-d57f-4f7e-8d0e-32a181c4fae1", "historyId": "5463d2f718588920f8abba46fb11a6d9", "testCaseId": "31ac5a94514ae25f428b798bedcf1581", "fullName": "test_basic_auth.TestBasicAuth#test_all_login_cases", "labels": [{"name": "tag", "value": "login"}, {"name": "suite", "value": "test_basic_auth"}, {"name": "subSuite", "value": "TestBasicAuth"}, {"name": "host", "value": "waffles.local"}, {"name": "thread", "value": "2149-MainThread"}, {"name": "framework", "value": "pytest"}, {"name": "language", "value": "cpython3"}, {"name": "package", "value": "test_basic_auth"}], "titlePath": ["test_basic_auth.py", "TestBasicAuth"]}