{"name": "test_positive_login", "status": "failed", "statusDetails": {"message": "AssertionError: assert 'You logged into a secure area!' == 'You logged out of the secure area!'\n  \n  - You logged out of the secure area!\n  ?             ^^^^^^^^^\n  + You logged into a secure area!\n  ?            +++ ^^", "trace": "self = <test_login.TestLogin object at 0x10595b520>, driver = <selenium.webdriver.chrome.webdriver.WebDriver (session=\"8fa6734d68f4f6b7af23c525bc971032\")>\n\n    @pytest.mark.login\n    def test_positive_login(self, driver):\n        wait = WebDriverWait(driver, 10)\n        driver.get(\"https://the-internet.herokuapp.com/login\")\n    \n        username = \"tomsmith\"\n        password = \"SuperSecretPassword!\"\n    \n        username_input = driver.find_element(By.XPATH, \"//input[@id='username']\")\n        username_input.send_keys(username)\n    \n        password_input = driver.find_element(By.XPATH, \"//input[@id='password']\")\n        password_input.send_keys(password)\n    \n        login_button = driver.find_element(By.XPATH, \"//form[@id='login']/button\")\n        login_button.click()\n    \n        success_alert = wait.until(ec.presence_of_element_located((By.XPATH, \"//div[@id='flash']\")))\n        assert success_alert.text.split('\\n')[0] == \"You logged into a secure area!\"\n        assert success_alert.is_displayed()\n        assert driver.current_url == \"https://the-internet.herokuapp.com/secure\"\n    \n        logout_button = driver.find_element(By.XPATH, \"//a[@class='button secondary radius']\")\n        logout_button.click()\n        success_alert = wait.until(ec.presence_of_element_located((By.XPATH, \"//div[@id='flash']\")))\n>       assert success_alert.text.split('\\n')[0] == \"You logged out of the secure area!\"\nE       AssertionError: assert 'You logged into a secure area!' == 'You logged out of the secure area!'\nE         \nE         - You logged out of the secure area!\nE         ?             ^^^^^^^^^\nE         + You logged into a secure area!\nE         ?            +++ ^^\n\ntest_login.py:34: AssertionError"}, "attachments": [{"name": "screenshot_on_failure", "source": "b6f23653-0c7e-475d-a517-4e79235f59b6-attachment.png", "type": "image/png"}], "start": 1762851187371, "stop": 1762851193358, "uuid": "75807d11-1a31-46ed-a419-50229163e277", "historyId": "b366bf89443a4815f68bcab8274a7aff", "testCaseId": "b366bf89443a4815f68bcab8274a7aff", "fullName": "test_login.TestLogin#test_positive_login", "labels": [{"name": "tag", "value": "login"}, {"name": "suite", "value": "test_login"}, {"name": "subSuite", "value": "TestLogin"}, {"name": "host", "value": "waffles.local"}, {"name": "thread", "value": "57438-MainThread"}, {"name": "framework", "value": "pytest"}, {"name": "language", "value": "cpython3"}, {"name": "package", "value": "test_login"}], "titlePath": ["test_login.py", "TestLogin"]}