{"name": "test_read_text", "status": "broken", "statusDetails": {"message": "selenium.common.exceptions.NoAlertPresentException: Message: no such alert\n  (Session info: chrome=142.0.7444.135)\nStacktrace:\n0   chromedriver                        0x00000001032b7aa4 cxxbridge1$str$ptr + 2943380\n1   chromedriver                        0x00000001032af760 cxxbridge1$str$ptr + 2909776\n2   chromedriver                        0x0000000102dc6120 _RNvCsgXDX2mvAJAg_7___rustc35___rust_no_alloc_shim_is_unstable_v2 + 73616\n3   chromedriver                        0x0000000102de89b0 _RNvCsgXDX2mvAJAg_7___rustc35___rust_no_alloc_shim_is_unstable_v2 + 215072\n4   chromedriver                        0x0000000102de883c _RNvCsgXDX2mvAJAg_7___rustc35___rust_no_alloc_shim_is_unstable_v2 + 214700\n5   chromedriver                        0x0000000102e01f10 _RNvCsgXDX2mvAJAg_7___rustc35___rust_no_alloc_shim_is_unstable_v2 + 318848\n6   chromedriver                        0x0000000103279b98 cxxbridge1$str$ptr + 2689672\n7   chromedriver                        0x000000010327d3ac cxxbridge1$str$ptr + 2704028\n8   chromedriver                        0x000000010325aa08 cxxbridge1$str$ptr + 2562296\n9   chromedriver                        0x000000010327dc84 cxxbridge1$str$ptr + 2706292\n10  chromedriver                        0x000000010324c304 cxxbridge1$str$ptr + 2503156\n11  chromedriver                        0x000000010329dd58 cxxbridge1$str$ptr + 2837576\n12  chromedriver                        0x000000010329dedc cxxbridge1$str$ptr + 2837964\n13  chromedriver                        0x00000001032af3b0 cxxbridge1$str$ptr + 2908832\n14  libsystem_pthread.dylib             0x0000000197cf3c0c _pthread_start + 136\n15  libsystem_pthread.dylib             0x0000000197ceeb80 thread_start + 8", "trace": "self = <test_browser_alert.TestBrowserAlert object at 0x105585160>\ndriver = <selenium.webdriver.chrome.webdriver.WebDriver (session=\"94abd187ffb46d1b548b71669a26b69f\")>\n\n    @pytest.mark.alert\n    def test_read_text(self, driver):\n        driver.get(\"https://the-internet.herokuapp.com/context_menu\")\n        box_locator = driver.find_element(By.XPATH, \"//div[@id='hot-spot']\")\n        box_locator.click()\n>       alert = driver.switch_to.alert\n\ntest_browser_alert.py:34: \n_ _ _ _ _ _ _ _ _ _ _ _ _ _ _ _ _ _ _ _ _ _ _ _ _ _ _ _ _ _ _ _ _ _ _ _ _ _ _ _ _ _ _ _ _ _ _ _ _ _ _ _ _ _ _ _\nvenv/lib/python3.9/site-packages/selenium/webdriver/remote/switch_to.py:54: in alert\n    _ = alert.text\nvenv/lib/python3.9/site-packages/selenium/webdriver/common/alert.py:58: in text\n    return self.driver.execute(Command.W3C_GET_ALERT_TEXT)[\"value\"]\nvenv/lib/python3.9/site-packages/selenium/webdriver/remote/webdriver.py:458: in execute\n    self.error_handler.check_response(response)\n_ _ _ _ _ _ _ _ _ _ _ _ _ _ _ _ _ _ _ _ _ _ _ _ _ _ _ _ _ _ _ _ _ _ _ _ _ _ _ _ _ _ _ _ _ _ _ _ _ _ _ _ _ _ _ _\n\nself = <selenium.webdriver.remote.errorhandler.ErrorHandler object at 0x1057d4250>\nresponse = {'status': 404, 'value': '{\"value\":{\"error\":\"no such alert\",\"message\":\"no such alert\\\\n  (Session info: chrome=142.0.7...000197cf3c0c _pthread_start + 136\\\\n15  libsystem_pthread.dylib             0x0000000197ceeb80 thread_start + 8\\\\n\"}}'}\n\n    def check_response(self, response: dict[str, Any]) -> None:\n        \"\"\"Checks that a JSON response from the WebDriver does not have an\n        error.\n    \n        :Args:\n         - response - The JSON response from the WebDriver server as a dictionary\n           object.\n    \n        :Raises: If the response contains an error message.\n        \"\"\"\n        status = response.get(\"status\", None)\n        if not status or status == ErrorCode.SUCCESS:\n            return\n        value = None\n        message = response.get(\"message\", \"\")\n        screen: str = response.get(\"screen\", \"\")\n        stacktrace = None\n        if isinstance(status, int):\n            value_json = response.get(\"value\", None)\n            if value_json and isinstance(value_json, str):\n                try:\n                    value = json.loads(value_json)\n                    if isinstance(value, dict):\n                        if len(value) == 1:\n                            value = value[\"value\"]\n                        status = value.get(\"error\", None)\n                        if not status:\n                            status = value.get(\"status\", ErrorCode.UNKNOWN_ERROR)\n                            message = value.get(\"value\") or value.get(\"message\")\n                            if not isinstance(message, str):\n                                value = message\n                                message = message.get(\"message\") if isinstance(message, dict) else None\n                        else:\n                            message = value.get(\"message\", None)\n                except ValueError:\n                    pass\n    \n        exception_class: type[WebDriverException]\n        e = ErrorCode()\n        error_codes = [item for item in dir(e) if not item.startswith(\"__\")]\n        for error_code in error_codes:\n            error_info = getattr(ErrorCode, error_code)\n            if isinstance(error_info, list) and status in error_info:\n                exception_class = getattr(ExceptionMapping, error_code, WebDriverException)\n                break\n        else:\n            exception_class = WebDriverException\n    \n        if not value:\n            value = response[\"value\"]\n        if isinstance(value, str):\n            raise exception_class(value)\n        if message == \"\" and \"message\" in value:\n            message = value[\"message\"]\n    \n        screen = None  # type: ignore[assignment]\n        if \"screen\" in value:\n            screen = value[\"screen\"]\n    \n        stacktrace = None\n        st_value = value.get(\"stackTrace\") or value.get(\"stacktrace\")\n        if st_value:\n            if isinstance(st_value, str):\n                stacktrace = st_value.split(\"\\n\")\n            else:\n                stacktrace = []\n                try:\n                    for frame in st_value:\n                        line = frame.get(\"lineNumber\", \"\")\n                        file = frame.get(\"fileName\", \"<anonymous>\")\n                        if line:\n                            file = f\"{file}:{line}\"\n                        meth = frame.get(\"methodName\", \"<anonymous>\")\n                        if \"className\" in frame:\n                            meth = f\"{frame['className']}.{meth}\"\n                        msg = \"    at %s (%s)\"\n                        msg = msg % (meth, file)\n                        stacktrace.append(msg)\n                except TypeError:\n                    pass\n        if exception_class == UnexpectedAlertPresentException:\n            alert_text = None\n            if \"data\" in value:\n                alert_text = value[\"data\"].get(\"text\")\n            elif \"alert\" in value:\n                alert_text = value[\"alert\"].get(\"text\")\n            raise exception_class(message, screen, stacktrace, alert_text)  # type: ignore[call-arg]  # mypy is not smart enough here\n>       raise exception_class(message, screen, stacktrace)\nE       selenium.common.exceptions.NoAlertPresentException: Message: no such alert\nE         (Session info: chrome=142.0.7444.135)\nE       Stacktrace:\nE       0   chromedriver                        0x00000001032b7aa4 cxxbridge1$str$ptr + 2943380\nE       1   chromedriver                        0x00000001032af760 cxxbridge1$str$ptr + 2909776\nE       2   chromedriver                        0x0000000102dc6120 _RNvCsgXDX2mvAJAg_7___rustc35___rust_no_alloc_shim_is_unstable_v2 + 73616\nE       3   chromedriver                        0x0000000102de89b0 _RNvCsgXDX2mvAJAg_7___rustc35___rust_no_alloc_shim_is_unstable_v2 + 215072\nE       4   chromedriver                        0x0000000102de883c _RNvCsgXDX2mvAJAg_7___rustc35___rust_no_alloc_shim_is_unstable_v2 + 214700\nE       5   chromedriver                        0x0000000102e01f10 _RNvCsgXDX2mvAJAg_7___rustc35___rust_no_alloc_shim_is_unstable_v2 + 318848\nE       6   chromedriver                        0x0000000103279b98 cxxbridge1$str$ptr + 2689672\nE       7   chromedriver                        0x000000010327d3ac cxxbridge1$str$ptr + 2704028\nE       8   chromedriver                        0x000000010325aa08 cxxbridge1$str$ptr + 2562296\nE       9   chromedriver                        0x000000010327dc84 cxxbridge1$str$ptr + 2706292\nE       10  chromedriver                        0x000000010324c304 cxxbridge1$str$ptr + 2503156\nE       11  chromedriver                        0x000000010329dd58 cxxbridge1$str$ptr + 2837576\nE       12  chromedriver                        0x000000010329dedc cxxbridge1$str$ptr + 2837964\nE       13  chromedriver                        0x00000001032af3b0 cxxbridge1$str$ptr + 2908832\nE       14  libsystem_pthread.dylib             0x0000000197cf3c0c _pthread_start + 136\nE       15  libsystem_pthread.dylib             0x0000000197ceeb80 thread_start + 8\n\nvenv/lib/python3.9/site-packages/selenium/webdriver/remote/errorhandler.py:232: NoAlertPresentException"}, "attachments": [{"name": "screenshot_on_failure", "source": "383eebf7-a96b-4bcd-b774-654b24078a6d-attachment.png", "type": "image/png"}], "start": 1762949134820, "stop": 1762949138404, "uuid": "dc4ef0bb-669f-449c-8dab-b1b79d81c595", "historyId": "20b42a522f9c97facba9c9b2e13ee3f5", "testCaseId": "20b42a522f9c97facba9c9b2e13ee3f5", "fullName": "test_browser_alert.TestBrowserAlert#test_read_text", "labels": [{"name": "tag", "value": "alert"}, {"name": "suite", "value": "test_browser_alert"}, {"name": "subSuite", "value": "TestBrowserAlert"}, {"name": "host", "value": "waffles.local"}, {"name": "thread", "value": "74378-MainThread"}, {"name": "framework", "value": "pytest"}, {"name": "language", "value": "cpython3"}, {"name": "package", "value": "test_browser_alert"}], "titlePath": ["test_browser_alert.py", "TestBrowserAlert"]}