{"name": "test_entry_modal", "status": "failed", "statusDetails": {"message": "AssertionError: assert not True\n +  where True = is_displayed()\n +    where is_displayed = <selenium.webdriver.remote.webelement.WebElement (session=\"bb9f8d1f9006bcd3bd806167927afa96\", element=\"f.A82193D76BB16FB57CC3F724A161C0B0.d.DC2762AFE3B6E97F329F9BDA2D5085B8.e.6\")>.is_displayed", "trace": "self = <test_entry_modal.TestEntryModal object at 0x109a8eac0>, driver = <selenium.webdriver.chrome.webdriver.WebDriver (session=\"bb9f8d1f9006bcd3bd806167927afa96\")>\n\n    @pytest.mark.modal\n    def test_entry_modal(self, driver):\n        wait = WebDriverWait(driver, 10)\n        driver.get(\"https://the-internet.herokuapp.com/entry_ad\")\n    \n        # Visible on first load\n        modal = wait.until(ec.visibility_of_element_located((By.ID, \"modal\")))\n        assert modal.is_displayed()\n    \n        # Close modal\n        close_button = wait.until(ec.element_to_be_clickable((By.XPATH, \"//div[@class='modal-footer']/p\")))\n        close_button.click()\n    \n        # Modal should no longer be visible\n        assert wait.until(ec.invisibility_of_element_located((By.XPATH, \"//div[@id='modal']\")))\n        # Alternative 1 ---\n        # assert ec.invisibility_of_element_located((By.XPATH, \"//div[@id='modal']\"))\n        # Alternative 2 ---\n        # wait.until(lambda d: not modal.is_displayed())\n        # assert not modal.is_displayed()\n    \n        # Refresh, get new element reference\n        driver.refresh()\n        new_modal = driver.find_element(By.XPATH, \"//div[@id='modal']\")\n    \n        # Modal remains hidden after refresh\n>       assert not new_modal.is_displayed()\nE       assert not True\nE        +  where True = is_displayed()\nE        +    where is_displayed = <selenium.webdriver.remote.webelement.WebElement (session=\"bb9f8d1f9006bcd3bd806167927afa96\", element=\"f.A82193D76BB16FB57CC3F724A161C0B0.d.DC2762AFE3B6E97F329F9BDA2D5085B8.e.6\")>.is_displayed\n\ntest_entry_modal.py:34: AssertionError"}, "attachments": [{"name": "screenshot_on_failure", "source": "e889c4bc-9414-4186-af85-6ef6b2fca6ce-attachment.png", "type": "image/png"}], "start": 1763080374224, "stop": 1763080380418, "uuid": "95f187a9-585a-4c32-ba30-56d8cc84e8e9", "historyId": "8bcafe1bdd7588db55d3dc65099c31cf", "testCaseId": "8bcafe1bdd7588db55d3dc65099c31cf", "fullName": "test_entry_modal.TestEntryModal#test_entry_modal", "labels": [{"name": "tag", "value": "modal"}, {"name": "suite", "value": "test_entry_modal"}, {"name": "subSuite", "value": "TestEntryModal"}, {"name": "host", "value": "waffles.local"}, {"name": "thread", "value": "46432-MainThread"}, {"name": "framework", "value": "pytest"}, {"name": "language", "value": "cpython3"}, {"name": "package", "value": "test_entry_modal"}], "titlePath": ["test_entry_modal.py", "TestEntryModal"]}