{"name": "test_secure_file_download", "status": "broken", "statusDetails": {"message": "selenium.common.exceptions.NoSuchElementException: Message: no such element: Unable to locate element: {\"method\":\"xpath\",\"selector\":\"//a[contains(text(), 'large-test-file.txt')]\"}\n  (Session info: chrome=142.0.7444.135); For documentation on this error, please visit: https://www.selenium.dev/documentation/webdriver/troubleshooting/errors#nosuchelementexception\nStacktrace:\n0   chromedriver                        0x0000000103337aa4 cxxbridge1$str$ptr + 2943380\n1   chromedriver                        0x000000010332f760 cxxbridge1$str$ptr + 2909776\n2   chromedriver                        0x0000000102e462bc _RNvCsgXDX2mvAJAg_7___rustc35___rust_no_alloc_shim_is_unstable_v2 + 74028\n3   chromedriver                        0x0000000102e8d8ac _RNvCsgXDX2mvAJAg_7___rustc35___rust_no_alloc_shim_is_unstable_v2 + 366364\n4   chromedriver                        0x0000000102eced78 _RNvCsgXDX2mvAJAg_7___rustc35___rust_no_alloc_shim_is_unstable_v2 + 633832\n5   chromedriver                        0x0000000102e81f10 _RNvCsgXDX2mvAJAg_7___rustc35___rust_no_alloc_shim_is_unstable_v2 + 318848\n6   chromedriver                        0x00000001032f9b98 cxxbridge1$str$ptr + 2689672\n7   chromedriver                        0x00000001032fd3ac cxxbridge1$str$ptr + 2704028\n8   chromedriver                        0x00000001032daa08 cxxbridge1$str$ptr + 2562296\n9   chromedriver                        0x00000001032fdc84 cxxbridge1$str$ptr + 2706292\n10  chromedriver                        0x00000001032cc304 cxxbridge1$str$ptr + 2503156\n11  chromedriver                        0x000000010331dd58 cxxbridge1$str$ptr + 2837576\n12  chromedriver                        0x000000010331dedc cxxbridge1$str$ptr + 2837964\n13  chromedriver                        0x000000010332f3b0 cxxbridge1$str$ptr + 2908832\n14  libsystem_pthread.dylib             0x0000000197cf3c0c _pthread_start + 136\n15  libsystem_pthread.dylib             0x0000000197ceeb80 thread_start + 8", "trace": "self = <test_secure_file_download.TestSecureFileDownload object at 0x10683b730>\n\n    @pytest.mark.download\n    def test_secure_file_download(self):\n    \n        download_dir = \"/Users/sofiaamihan/Downloads\"\n        if not os.path.exists(download_dir):\n            os.makedirs(download_dir)\n    \n        options = webdriver.ChromeOptions()\n        options.add_experimental_option(\"prefs\", {\n            \"download.default_directory\": download_dir,\n            \"download.prompt_for_download\": False,\n            \"safebrowsing.enabled\": True\n        })\n    \n        driver = webdriver.Chrome(options=options)\n        driver.get(\"https://admin:admin@the-internet.herokuapp.com/download_secure\")\n    \n>       link = driver.find_element(By.XPATH, \"//a[contains(text(), 'large-test-file.txt')]\")\n\ntest_secure_file_download.py:26: \n_ _ _ _ _ _ _ _ _ _ _ _ _ _ _ _ _ _ _ _ _ _ _ _ _ _ _ _ _ _ _ _ _ _ _ _ _ _ _ _ _ _ _ _ _ _ _ _ _ _ _ _ _ _ _ _ _ _ _ _ _ _ _ _ _ _ _ _ _ _ _ _ _ _ _ _ _ _ _ _ _ _ _ _ _ _ _ _ _ _ _ _ _ _ _ _ _ _ _ \nvenv/lib/python3.9/site-packages/selenium/webdriver/remote/webdriver.py:926: in find_element\n    return self.execute(Command.FIND_ELEMENT, {\"using\": by, \"value\": value})[\"value\"]\nvenv/lib/python3.9/site-packages/selenium/webdriver/remote/webdriver.py:458: in execute\n    self.error_handler.check_response(response)\n_ _ _ _ _ _ _ _ _ _ _ _ _ _ _ _ _ _ _ _ _ _ _ _ _ _ _ _ _ _ _ _ _ _ _ _ _ _ _ _ _ _ _ _ _ _ _ _ _ _ _ _ _ _ _ _ _ _ _ _ _ _ _ _ _ _ _ _ _ _ _ _ _ _ _ _ _ _ _ _ _ _ _ _ _ _ _ _ _ _ _ _ _ _ _ _ _ _ _ \n\nself = <selenium.webdriver.remote.errorhandler.ErrorHandler object at 0x10698c130>\nresponse = {'status': 404, 'value': '{\"value\":{\"error\":\"no such element\",\"message\":\"no such element: Unable to locate element: {\\...000197cf3c0c _pthread_start + 136\\\\n15  libsystem_pthread.dylib             0x0000000197ceeb80 thread_start + 8\\\\n\"}}'}\n\n    def check_response(self, response: dict[str, Any]) -> None:\n        \"\"\"Checks that a JSON response from the WebDriver does not have an\n        error.\n    \n        :Args:\n         - response - The JSON response from the WebDriver server as a dictionary\n           object.\n    \n        :Raises: If the response contains an error message.\n        \"\"\"\n        status = response.get(\"status\", None)\n        if not status or status == ErrorCode.SUCCESS:\n            return\n        value = None\n        message = response.get(\"message\", \"\")\n        screen: str = response.get(\"screen\", \"\")\n        stacktrace = None\n        if isinstance(status, int):\n            value_json = response.get(\"value\", None)\n            if value_json and isinstance(value_json, str):\n                try:\n                    value = json.loads(value_json)\n                    if isinstance(value, dict):\n                        if len(value) == 1:\n                            value = value[\"value\"]\n                        status = value.get(\"error\", None)\n                        if not status:\n                            status = value.get(\"status\", ErrorCode.UNKNOWN_ERROR)\n                            message = value.get(\"value\") or value.get(\"message\")\n                            if not isinstance(message, str):\n                                value = message\n                                message = message.get(\"message\") if isinstance(message, dict) else None\n                        else:\n                            message = value.get(\"message\", None)\n                except ValueError:\n                    pass\n    \n        exception_class: type[WebDriverException]\n        e = ErrorCode()\n        error_codes = [item for item in dir(e) if not item.startswith(\"__\")]\n        for error_code in error_codes:\n            error_info = getattr(ErrorCode, error_code)\n            if isinstance(error_info, list) and status in error_info:\n                exception_class = getattr(ExceptionMapping, error_code, WebDriverException)\n                break\n        else:\n            exception_class = WebDriverException\n    \n        if not value:\n            value = response[\"value\"]\n        if isinstance(value, str):\n            raise exception_class(value)\n        if message == \"\" and \"message\" in value:\n            message = value[\"message\"]\n    \n        screen = None  # type: ignore[assignment]\n        if \"screen\" in value:\n            screen = value[\"screen\"]\n    \n        stacktrace = None\n        st_value = value.get(\"stackTrace\") or value.get(\"stacktrace\")\n        if st_value:\n            if isinstance(st_value, str):\n                stacktrace = st_value.split(\"\\n\")\n            else:\n                stacktrace = []\n                try:\n                    for frame in st_value:\n                        line = frame.get(\"lineNumber\", \"\")\n                        file = frame.get(\"fileName\", \"<anonymous>\")\n                        if line:\n                            file = f\"{file}:{line}\"\n                        meth = frame.get(\"methodName\", \"<anonymous>\")\n                        if \"className\" in frame:\n                            meth = f\"{frame['className']}.{meth}\"\n                        msg = \"    at %s (%s)\"\n                        msg = msg % (meth, file)\n                        stacktrace.append(msg)\n                except TypeError:\n                    pass\n        if exception_class == UnexpectedAlertPresentException:\n            alert_text = None\n            if \"data\" in value:\n                alert_text = value[\"data\"].get(\"text\")\n            elif \"alert\" in value:\n                alert_text = value[\"alert\"].get(\"text\")\n            raise exception_class(message, screen, stacktrace, alert_text)  # type: ignore[call-arg]  # mypy is not smart enough here\n>       raise exception_class(message, screen, stacktrace)\nE       selenium.common.exceptions.NoSuchElementException: Message: no such element: Unable to locate element: {\"method\":\"xpath\",\"selector\":\"//a[contains(text(), 'large-test-file.txt')]\"}\nE         (Session info: chrome=142.0.7444.135); For documentation on this error, please visit: https://www.selenium.dev/documentation/webdriver/troubleshooting/errors#nosuchelementexception\nE       Stacktrace:\nE       0   chromedriver                        0x0000000103337aa4 cxxbridge1$str$ptr + 2943380\nE       1   chromedriver                        0x000000010332f760 cxxbridge1$str$ptr + 2909776\nE       2   chromedriver                        0x0000000102e462bc _RNvCsgXDX2mvAJAg_7___rustc35___rust_no_alloc_shim_is_unstable_v2 + 74028\nE       3   chromedriver                        0x0000000102e8d8ac _RNvCsgXDX2mvAJAg_7___rustc35___rust_no_alloc_shim_is_unstable_v2 + 366364\nE       4   chromedriver                        0x0000000102eced78 _RNvCsgXDX2mvAJAg_7___rustc35___rust_no_alloc_shim_is_unstable_v2 + 633832\nE       5   chromedriver                        0x0000000102e81f10 _RNvCsgXDX2mvAJAg_7___rustc35___rust_no_alloc_shim_is_unstable_v2 + 318848\nE       6   chromedriver                        0x00000001032f9b98 cxxbridge1$str$ptr + 2689672\nE       7   chromedriver                        0x00000001032fd3ac cxxbridge1$str$ptr + 2704028\nE       8   chromedriver                        0x00000001032daa08 cxxbridge1$str$ptr + 2562296\nE       9   chromedriver                        0x00000001032fdc84 cxxbridge1$str$ptr + 2706292\nE       10  chromedriver                        0x00000001032cc304 cxxbridge1$str$ptr + 2503156\nE       11  chromedriver                        0x000000010331dd58 cxxbridge1$str$ptr + 2837576\nE       12  chromedriver                        0x000000010331dedc cxxbridge1$str$ptr + 2837964\nE       13  chromedriver                        0x000000010332f3b0 cxxbridge1$str$ptr + 2908832\nE       14  libsystem_pthread.dylib             0x0000000197cf3c0c _pthread_start + 136\nE       15  libsystem_pthread.dylib             0x0000000197ceeb80 thread_start + 8\n\nvenv/lib/python3.9/site-packages/selenium/webdriver/remote/errorhandler.py:232: NoSuchElementException"}, "start": 1762964117678, "stop": 1762964122258, "uuid": "3444b2e6-4b5a-4be7-bcaa-daa9f332ca33", "historyId": "4955bffe0f58c058bf409a089e7b9120", "testCaseId": "4955bffe0f58c058bf409a089e7b9120", "fullName": "test_secure_file_download.TestSecureFileDownload#test_secure_file_download", "labels": [{"name": "tag", "value": "download"}, {"name": "suite", "value": "test_secure_file_download"}, {"name": "subSuite", "value": "TestSecureFileDownload"}, {"name": "host", "value": "waffles.local"}, {"name": "thread", "value": "24381-MainThread"}, {"name": "framework", "value": "pytest"}, {"name": "language", "value": "cpython3"}, {"name": "package", "value": "test_secure_file_download"}], "titlePath": ["test_secure_file_download.py", "TestSecureFileDownload"]}