{"name": "test_remove_element", "status": "failed", "statusDetails": {"message": "AssertionError: assert 2 == 1\n +  where 2 = len([<selenium.webdriver.remote.webelement.WebElement (session=\"f213c4cbc724db0647eff8769a09f10b\", element=\"f.F7600DF2A3DAD503A4F7F6DF98E8ED1F.d.423F971C0DFE9C249BC353BEA25E9B4B.e.5\")>, <selenium.webdriver.remote.webelement.WebElement (session=\"f213c4cbc724db0647eff8769a09f10b\", element=\"f.F7600DF2A3DAD503A4F7F6DF98E8ED1F.d.423F971C0DFE9C249BC353BEA25E9B4B.e.6\")>])", "trace": "self = <test_add_remove_elements.TestAddRemoveElements object at 0x106aef4c0>\ndriver = <selenium.webdriver.chrome.webdriver.WebDriver (session=\"f213c4cbc724db0647eff8769a09f10b\")>\n\n    @pytest.mark.remove\n    def test_remove_element(self, driver):\n        driver.get(\"https://the-internet.herokuapp.com/add_remove_elements/\")\n        add_locator = driver.find_element(By.XPATH, \"//div[@class='example']/button\")\n        add_locator.click()\n        add_locator.click()\n    \n        # V1 - Original Code, Asserts True\n        # element_locator = driver.find_element(By.XPATH, \"//div[@id='elements']/button\")\n        # element_locator.click()\n        # wait = WebDriverWait(driver, 10)\n        # assert wait.until(ec.invisibility_of_element_located((By.XPATH, \"//div[@id='elements']/button\")))\n    \n        # V2 - Asserts False, Test Allure Report Screenshot on failure\n        element_locator = driver.find_elements(By.XPATH, \"//div[@id='elements']/button\")\n>       assert len(element_locator) == 1\nE       assert 2 == 1\nE        +  where 2 = len([<selenium.webdriver.remote.webelement.WebElement (session=\"f213c4cbc724db0647eff8769a09f10b\", element=\"f.F7600DF2A3DAD503A4F7F6DF98E8ED1F.d.423F971C0DFE9C249BC353BEA25E9B4B.e.5\")>, <selenium.webdriver.remote.webelement.WebElement (session=\"f213c4cbc724db0647eff8769a09f10b\", element=\"f.F7600DF2A3DAD503A4F7F6DF98E8ED1F.d.423F971C0DFE9C249BC353BEA25E9B4B.e.6\")>])\n\ntest_add_remove_elements.py:32: AssertionError"}, "attachments": [{"name": "screenshot_on_failure", "source": "3c2bf706-a9e2-4191-bbb6-09867e035344-attachment.png", "type": "image/png"}], "start": 1762475524873, "stop": 1762475529384, "uuid": "c1bbe163-34e3-44b5-8d54-8d9a2b01e3e5", "historyId": "3a98300617b01ed5fd7bbda1f3cb243c", "testCaseId": "3a98300617b01ed5fd7bbda1f3cb243c", "fullName": "test_add_remove_elements.TestAddRemoveElements#test_remove_element", "labels": [{"name": "tag", "value": "remove"}, {"name": "suite", "value": "test_add_remove_elements"}, {"name": "subSuite", "value": "TestAddRemoveElements"}, {"name": "host", "value": "waffles.local"}, {"name": "thread", "value": "3119-MainThread"}, {"name": "framework", "value": "pytest"}, {"name": "language", "value": "cpython3"}, {"name": "package", "value": "test_add_remove_elements"}], "titlePath": ["test_add_remove_elements.py", "TestAddRemoveElements"]}