{"name": "test_all_login_cases[incorrect-login]", "status": "broken", "statusDetails": {"message": "selenium.common.exceptions.TimeoutException: Message:", "trace": "self = <test_basic_auth.TestBasicAuth object at 0x102dbff70>\ndriver = <selenium.webdriver.chrome.webdriver.WebDriver (session=\"9bcc2fc57b23a02c83742707c20e690c\")>\nusername = 'incorrect', password = 'incorrect'\n\n    @pytest.mark.login\n    @pytest.mark.parametrize(\"username, password\",[\n        (\"admin\", \"admin\"),\n        (\"incorrect-username\", \"admin\"),\n        (\"admin\", \"incorrect-password\"),\n        (\"incorrect\", \"incorrect\")\n    ], ids=['correct-login', 'incorrect-username', 'incorrect-password', 'incorrect-login'])\n    def test_all_login_cases(self, driver, username, password):\n        URL = \"https://\" + username + \":\" + password + \"@\" + \"the-internet.herokuapp.com/basic_auth\"\n        driver.get(URL)\n        wait = WebDriverWait(driver, 10)\n>       assert False if wait.until(ec.alert_is_present()) else True\n\ntest_basic_auth.py:19: \n_ _ _ _ _ _ _ _ _ _ _ _ _ _ _ _ _ _ _ _ _ _ _ _ _ _ _ _ _ _ _ _ _ _ _ _ _ _ _ _ \n\nself = <selenium.webdriver.support.wait.WebDriverWait (session=\"9bcc2fc57b23a02c83742707c20e690c\")>\nmethod = <function alert_is_present.<locals>._predicate at 0x102f25550>\nmessage = ''\n\n    def until(self, method: Callable[[D], Union[Literal[False], T]], message: str = \"\") -> T:\n        \"\"\"Wait until the method returns a value that is not False.\n    \n        Calls the method provided with the driver as an argument until the\n        return value does not evaluate to ``False``.\n    \n        Parameters:\n        -----------\n        method: callable(WebDriver)\n            - A callable object that takes a WebDriver instance as an argument.\n    \n        message: str\n            - Optional message for :exc:`TimeoutException`\n    \n        Return:\n        -------\n        object: T\n            - The result of the last call to `method`\n    \n        Raises:\n        -------\n        TimeoutException\n            - If 'method' does not return a truthy value within the WebDriverWait\n            object's timeout\n    \n        Example:\n        --------\n        >>> from selenium.webdriver.common.by import By\n        >>> from selenium.webdriver.support.ui import WebDriverWait\n        >>> from selenium.webdriver.support import expected_conditions as EC\n    \n        # Wait until an element is visible on the page\n        >>> wait = WebDriverWait(driver, 10)\n        >>> element = wait.until(EC.visibility_of_element_located((By.ID, \"exampleId\")))\n        >>> print(element.text)\n        \"\"\"\n        screen = None\n        stacktrace = None\n    \n        end_time = time.monotonic() + self._timeout\n        while True:\n            try:\n                value = method(self._driver)\n                if value:\n                    return value\n            except self._ignored_exceptions as exc:\n                screen = getattr(exc, \"screen\", None)\n                stacktrace = getattr(exc, \"stacktrace\", None)\n            if time.monotonic() > end_time:\n                break\n            time.sleep(self._poll)\n>       raise TimeoutException(message, screen, stacktrace)\nE       selenium.common.exceptions.TimeoutException: Message:\n\nvenv/lib/python3.9/site-packages/selenium/webdriver/support/wait.py:138: TimeoutException"}, "parameters": [{"name": "username", "value": "'incorrect'"}, {"name": "password", "value": "'incorrect'"}], "start": 1762473795012, "stop": 1762473808517, "uuid": "e85cfac2-7732-4bf7-935e-1bf8a0a4ea42", "historyId": "0088a482920176df4c24237a44c1ff75", "testCaseId": "31ac5a94514ae25f428b798bedcf1581", "fullName": "test_basic_auth.TestBasicAuth#test_all_login_cases", "labels": [{"name": "tag", "value": "login"}, {"name": "suite", "value": "test_basic_auth"}, {"name": "subSuite", "value": "TestBasicAuth"}, {"name": "host", "value": "waffles.local"}, {"name": "thread", "value": "1831-MainThread"}, {"name": "framework", "value": "pytest"}, {"name": "language", "value": "cpython3"}, {"name": "package", "value": "test_basic_auth"}], "titlePath": ["test_basic_auth.py", "TestBasicAuth"]}