{"name": "test_second_checkbox", "status": "failed", "statusDetails": {"message": "AssertionError: assert False\n +  where False = is_selected()\n +    where is_selected = <selenium.webdriver.remote.webelement.WebElement (session=\"9979de2f8f9c350654e918df0b1e769f\", element=\"f.7FA49CBF1E72597C1A463710949BCDCF.d.01C8E5A09145BBE2F30DAF1E1F893646.e.4\")>.is_selected", "trace": "self = <test_checkboxes.TestCheckboxes object at 0x106885940>, driver = <selenium.webdriver.chrome.webdriver.WebDriver (session=\"9979de2f8f9c350654e918df0b1e769f\")>\n\n    @pytest.mark.checkboxes\n    def test_second_checkbox(self, driver):\n        driver.get(\"https://the-internet.herokuapp.com/checkboxes\")\n        checkboxes = driver.find_elements(By.XPATH, \"//form[@id='checkboxes']/input\")\n        checkboxes[1].click()\n>       assert checkboxes[1].is_selected()\nE       assert False\nE        +  where False = is_selected()\nE        +    where is_selected = <selenium.webdriver.remote.webelement.WebElement (session=\"9979de2f8f9c350654e918df0b1e769f\", element=\"f.7FA49CBF1E72597C1A463710949BCDCF.d.01C8E5A09145BBE2F30DAF1E1F893646.e.4\")>.is_selected\n\ntest_checkboxes.py:20: AssertionError"}, "attachments": [{"name": "screenshot_on_failure", "source": "ba0c7fbf-ebb0-4f5b-80d9-4e2f955b4650-attachment.png", "type": "image/png"}], "start": 1762578869556, "stop": 1762578872990, "uuid": "9a4fce04-f587-4571-89da-e4433b4c2f2d", "historyId": "d457f45d5067a726c447c670221f788d", "testCaseId": "d457f45d5067a726c447c670221f788d", "fullName": "test_checkboxes.TestCheckboxes#test_second_checkbox", "labels": [{"name": "tag", "value": "checkboxes"}, {"name": "suite", "value": "test_checkboxes"}, {"name": "subSuite", "value": "TestCheckboxes"}, {"name": "host", "value": "waffles.local"}, {"name": "thread", "value": "12305-MainThread"}, {"name": "framework", "value": "pytest"}, {"name": "language", "value": "cpython3"}, {"name": "package", "value": "test_checkboxes"}], "titlePath": ["test_checkboxes.py", "TestCheckboxes"]}