{"name": "test_dynamic_content_some", "status": "failed", "statusDetails": {"message": "AssertionError: assert <selenium.webdriver.remote.webelement.WebElement (session=\"9616fcb90349159d0b4625d6145eb38e\", element=\"f.0594358241725D80901F618D9462E99A.d.E6299755A4BE348998FCC9526275412D.e.2\")> == <selenium.webdriver.remote.webelement.WebElement (session=\"9616fcb90349159d0b4625d6145eb38e\", element=\"f.0594358241725D80901F618D9462E99A.d.C98F0E434027E65AC274232102043430.e.9\")>", "trace": "self = <test_dynamic_content.TestDynamicContent object at 0x1051d0520>\ndriver = <selenium.webdriver.chrome.webdriver.WebDriver (session=\"9616fcb90349159d0b4625d6145eb38e\")>\n\n    @pytest.mark.dynamic\n    def test_dynamic_content_some(self, driver):\n        driver.get(\"https://the-internet.herokuapp.com/dynamic_content?with_content=static\")\n        rows = driver.find_elements(By.XPATH, \"//div[@class='large-10 columns']\")\n        row1 = rows[0]\n        row2 = rows[1]\n        row3 = rows[2]\n        pictures = driver.find_elements(By.XPATH, \"//div[@class='large-2 columns']/img\")\n        pic1 = pictures[0].get_attribute(\"src\")\n        pic2 = pictures[1].get_attribute(\"src\")\n        pic3 = pictures[2].get_attribute(\"src\")\n        driver.refresh()\n        rows = driver.find_elements(By.XPATH, \"//div[@class='large-10 columns']\")\n        row1_new = rows[0]\n        row2_new = rows[1]\n        row3_new = rows[2]\n        pictures = driver.find_elements(By.XPATH, \"//div[@class='large-2 columns']/img\")\n        pic1_new = pictures[0].get_attribute(\"src\")\n        pic2_new = pictures[1].get_attribute(\"src\")\n        pic3_new = pictures[2].get_attribute(\"src\")\n>       assert row1 == row1_new\nE       assert <selenium.webdriver.remote.webelement.WebElement (session=\"9616fcb90349159d0b4625d6145eb38e\", element=\"f.0594358241725D80901F618D9462E99A.d.E6299755A4BE348998FCC9526275412D.e.2\")> == <selenium.webdriver.remote.webelement.WebElement (session=\"9616fcb90349159d0b4625d6145eb38e\", element=\"f.0594358241725D80901F618D9462E99A.d.C98F0E434027E65AC274232102043430.e.9\")>\n\ntest_dynamic_content.py:56: AssertionError"}, "attachments": [{"name": "screenshot_on_failure", "source": "46d50a01-37d5-4425-aa82-c3a4445cbbbd-attachment.png", "type": "image/png"}], "start": 1762585647613, "stop": 1762585650692, "uuid": "615d69b3-a5ee-4ca9-82a2-0a192996649a", "historyId": "573f0b0adfc41a0597af21f89a8ae47e", "testCaseId": "573f0b0adfc41a0597af21f89a8ae47e", "fullName": "test_dynamic_content.TestDynamicContent#test_dynamic_content_some", "labels": [{"name": "tag", "value": "dynamic"}, {"name": "suite", "value": "test_dynamic_content"}, {"name": "subSuite", "value": "TestDynamicContent"}, {"name": "host", "value": "waffles.local"}, {"name": "thread", "value": "15959-MainThread"}, {"name": "framework", "value": "pytest"}, {"name": "language", "value": "cpython3"}, {"name": "package", "value": "test_dynamic_content"}], "titlePath": ["test_dynamic_content.py", "TestDynamicContent"]}