{"name": "test_number_keys", "status": "failed", "statusDetails": {"message": "AssertionError: assert 'You entered: NUMPAD2' == 'You entered: 2'\n  \n  - You entered: 2\n  + You entered: NUMPAD2\n  ?              ++++++", "trace": "self = <test_key_presses.TestKeyPresses object at 0x103f4a850>, driver = <selenium.webdriver.chrome.webdriver.WebDriver (session=\"363edfa11ddff8962df90390253c59cc\")>\n\n    @pytest.mark.keys\n    def test_number_keys(self, driver):\n        driver.get(\"https://the-internet.herokuapp.com/key_presses\")\n    \n        # Focus on element\n        input_locator = driver.find_element(By.XPATH, \"//input[@id='target']\")\n        input_locator.click()\n    \n        actions = ActionChains(driver)\n        actions.key_down(Keys.NUMPAD2).perform()\n    \n        result_locator = driver.find_element(By.XPATH, \"//p[@id='result']\")\n>       assert result_locator.text == \"You entered: 2\"\nE       AssertionError: assert 'You entered: NUMPAD2' == 'You entered: 2'\nE         \nE         - You entered: 2\nE         + You entered: NUMPAD2\nE         ?              ++++++\n\ntest_key_presses.py:29: AssertionError"}, "attachments": [{"name": "screenshot_on_failure", "source": "776c0b2e-8eef-49f3-aff4-a32ab7082f27-attachment.png", "type": "image/png"}], "start": 1762695703162, "stop": 1762695706463, "uuid": "5fab1362-25b0-42e8-8656-0fbdb9f13ecf", "historyId": "1ac149890205222ae2aabc690e0172fe", "testCaseId": "1ac149890205222ae2aabc690e0172fe", "fullName": "test_key_presses.TestKeyPresses#test_number_keys", "labels": [{"name": "tag", "value": "keys"}, {"name": "suite", "value": "test_key_presses"}, {"name": "subSuite", "value": "TestKeyPresses"}, {"name": "host", "value": "waffles.local"}, {"name": "thread", "value": "29259-MainThread"}, {"name": "framework", "value": "pytest"}, {"name": "language", "value": "cpython3"}, {"name": "package", "value": "test_key_presses"}], "titlePath": ["test_key_presses.py", "TestKeyPresses"]}