{"name": "test_slider_clicks", "status": "broken", "statusDetails": {"message": "selenium.common.exceptions.MoveTargetOutOfBoundsException: Message: move target out of bounds\n  (Session info: chrome=142.0.7444.135)\nStacktrace:\n0   chromedriver                        0x000000010334b3d8 cxxbridge1$str$ptr + 2941356\n1   chromedriver                        0x0000000103343094 cxxbridge1$str$ptr + 2907752\n2   chromedriver                        0x0000000102e5a128 _RNvCsgXDX2mvAJAg_7___rustc35___rust_no_alloc_shim_is_unstable_v2 + 73616\n3   chromedriver                        0x0000000102eea564 _RNvCsgXDX2mvAJAg_7___rustc35___rust_no_alloc_shim_is_unstable_v2 + 664524\n4   chromedriver                        0x0000000102ee2d84 _RNvCsgXDX2mvAJAg_7___rustc35___rust_no_alloc_shim_is_unstable_v2 + 633836\n5   chromedriver                        0x0000000102e95f18 _RNvCsgXDX2mvAJAg_7___rustc35___rust_no_alloc_shim_is_unstable_v2 + 318848\n6   chromedriver                        0x000000010330d81c cxxbridge1$str$ptr + 2688496\n7   chromedriver                        0x0000000103311038 cxxbridge1$str$ptr + 2702860\n8   chromedriver                        0x00000001032ee634 cxxbridge1$str$ptr + 2561032\n9   chromedriver                        0x0000000103311910 cxxbridge1$str$ptr + 2705124\n10  chromedriver                        0x00000001032dfed4 cxxbridge1$str$ptr + 2501800\n11  chromedriver                        0x0000000103331a40 cxxbridge1$str$ptr + 2836500\n12  chromedriver                        0x0000000103331bc4 cxxbridge1$str$ptr + 2836888\n13  chromedriver                        0x0000000103342ce4 cxxbridge1$str$ptr + 2906808\n14  libsystem_pthread.dylib             0x0000000197cf3c0c _pthread_start + 136\n15  libsystem_pthread.dylib             0x0000000197ceeb80 thread_start + 8", "trace": "self = <test_horizontal_slider.TestHorizontalSlider object at 0x106f67520>, driver = <selenium.webdriver.chrome.webdriver.WebDriver (session=\"af2dad21a89359d00f4c486778587635\")>\n\n    @pytest.mark.slider\n    def test_slider_clicks(self, driver):\n        driver.get(\"https://the-internet.herokuapp.com/horizontal_slider\")\n    \n        # Find Slider\n        slider = driver.find_element(By.XPATH, \"//div[@class='sliderContainer']/input\")\n        width = slider.size[\"width\"]\n    \n        # Move to beginning of Slider then click\n        actions = ActionChains(driver)\n>       actions.move_by_offset((width/2*-1), 0).perform()\n\ntest_horizontal_slider.py:17: \n_ _ _ _ _ _ _ _ _ _ _ _ _ _ _ _ _ _ _ _ _ _ _ _ _ _ _ _ _ _ _ _ _ _ _ _ _ _ _ _ _ _ _ _ _ _ _ _ _ _ _ _ _ _ _ _ _ _ _ _ _ _ _ _ _ _ _ _ _ _ _ _ _ _ _ _ _ _ _ _ _ _ _ _ _ _ _ _ _ _ _ _ _ _ _ _ _ _ _ _ _ _ _ _ _ _ _ _ _ _ _ _ _ _ _ _ _ _ _ _\nvenv/lib/python3.9/site-packages/selenium/webdriver/common/action_chains.py:92: in perform\n    self.w3c_actions.perform()\nvenv/lib/python3.9/site-packages/selenium/webdriver/common/actions/action_builder.py:168: in perform\n    self.driver.execute(Command.W3C_ACTIONS, enc)\nvenv/lib/python3.9/site-packages/selenium/webdriver/remote/webdriver.py:458: in execute\n    self.error_handler.check_response(response)\n_ _ _ _ _ _ _ _ _ _ _ _ _ _ _ _ _ _ _ _ _ _ _ _ _ _ _ _ _ _ _ _ _ _ _ _ _ _ _ _ _ _ _ _ _ _ _ _ _ _ _ _ _ _ _ _ _ _ _ _ _ _ _ _ _ _ _ _ _ _ _ _ _ _ _ _ _ _ _ _ _ _ _ _ _ _ _ _ _ _ _ _ _ _ _ _ _ _ _ _ _ _ _ _ _ _ _ _ _ _ _ _ _ _ _ _ _ _ _ _\n\nself = <selenium.webdriver.remote.errorhandler.ErrorHandler object at 0x106f65f40>\nresponse = {'status': 500, 'value': '{\"value\":{\"error\":\"move target out of bounds\",\"message\":\"move target out of bounds\\\\n  (Sess...000197cf3c0c _pthread_start + 136\\\\n15  libsystem_pthread.dylib             0x0000000197ceeb80 thread_start + 8\\\\n\"}}'}\n\n    def check_response(self, response: dict[str, Any]) -> None:\n        \"\"\"Checks that a JSON response from the WebDriver does not have an\n        error.\n    \n        :Args:\n         - response - The JSON response from the WebDriver server as a dictionary\n           object.\n    \n        :Raises: If the response contains an error message.\n        \"\"\"\n        status = response.get(\"status\", None)\n        if not status or status == ErrorCode.SUCCESS:\n            return\n        value = None\n        message = response.get(\"message\", \"\")\n        screen: str = response.get(\"screen\", \"\")\n        stacktrace = None\n        if isinstance(status, int):\n            value_json = response.get(\"value\", None)\n            if value_json and isinstance(value_json, str):\n                try:\n                    value = json.loads(value_json)\n                    if isinstance(value, dict):\n                        if len(value) == 1:\n                            value = value[\"value\"]\n                        status = value.get(\"error\", None)\n                        if not status:\n                            status = value.get(\"status\", ErrorCode.UNKNOWN_ERROR)\n                            message = value.get(\"value\") or value.get(\"message\")\n                            if not isinstance(message, str):\n                                value = message\n                                message = message.get(\"message\") if isinstance(message, dict) else None\n                        else:\n                            message = value.get(\"message\", None)\n                except ValueError:\n                    pass\n    \n        exception_class: type[WebDriverException]\n        e = ErrorCode()\n        error_codes = [item for item in dir(e) if not item.startswith(\"__\")]\n        for error_code in error_codes:\n            error_info = getattr(ErrorCode, error_code)\n            if isinstance(error_info, list) and status in error_info:\n                exception_class = getattr(ExceptionMapping, error_code, WebDriverException)\n                break\n        else:\n            exception_class = WebDriverException\n    \n        if not value:\n            value = response[\"value\"]\n        if isinstance(value, str):\n            raise exception_class(value)\n        if message == \"\" and \"message\" in value:\n            message = value[\"message\"]\n    \n        screen = None  # type: ignore[assignment]\n        if \"screen\" in value:\n            screen = value[\"screen\"]\n    \n        stacktrace = None\n        st_value = value.get(\"stackTrace\") or value.get(\"stacktrace\")\n        if st_value:\n            if isinstance(st_value, str):\n                stacktrace = st_value.split(\"\\n\")\n            else:\n                stacktrace = []\n                try:\n                    for frame in st_value:\n                        line = frame.get(\"lineNumber\", \"\")\n                        file = frame.get(\"fileName\", \"<anonymous>\")\n                        if line:\n                            file = f\"{file}:{line}\"\n                        meth = frame.get(\"methodName\", \"<anonymous>\")\n                        if \"className\" in frame:\n                            meth = f\"{frame['className']}.{meth}\"\n                        msg = \"    at %s (%s)\"\n                        msg = msg % (meth, file)\n                        stacktrace.append(msg)\n                except TypeError:\n                    pass\n        if exception_class == UnexpectedAlertPresentException:\n            alert_text = None\n            if \"data\" in value:\n                alert_text = value[\"data\"].get(\"text\")\n            elif \"alert\" in value:\n                alert_text = value[\"alert\"].get(\"text\")\n            raise exception_class(message, screen, stacktrace, alert_text)  # type: ignore[call-arg]  # mypy is not smart enough here\n>       raise exception_class(message, screen, stacktrace)\nE       selenium.common.exceptions.MoveTargetOutOfBoundsException: Message: move target out of bounds\nE         (Session info: chrome=142.0.7444.135)\nE       Stacktrace:\nE       0   chromedriver                        0x000000010334b3d8 cxxbridge1$str$ptr + 2941356\nE       1   chromedriver                        0x0000000103343094 cxxbridge1$str$ptr + 2907752\nE       2   chromedriver                        0x0000000102e5a128 _RNvCsgXDX2mvAJAg_7___rustc35___rust_no_alloc_shim_is_unstable_v2 + 73616\nE       3   chromedriver                        0x0000000102eea564 _RNvCsgXDX2mvAJAg_7___rustc35___rust_no_alloc_shim_is_unstable_v2 + 664524\nE       4   chromedriver                        0x0000000102ee2d84 _RNvCsgXDX2mvAJAg_7___rustc35___rust_no_alloc_shim_is_unstable_v2 + 633836\nE       5   chromedriver                        0x0000000102e95f18 _RNvCsgXDX2mvAJAg_7___rustc35___rust_no_alloc_shim_is_unstable_v2 + 318848\nE       6   chromedriver                        0x000000010330d81c cxxbridge1$str$ptr + 2688496\nE       7   chromedriver                        0x0000000103311038 cxxbridge1$str$ptr + 2702860\nE       8   chromedriver                        0x00000001032ee634 cxxbridge1$str$ptr + 2561032\nE       9   chromedriver                        0x0000000103311910 cxxbridge1$str$ptr + 2705124\nE       10  chromedriver                        0x00000001032dfed4 cxxbridge1$str$ptr + 2501800\nE       11  chromedriver                        0x0000000103331a40 cxxbridge1$str$ptr + 2836500\nE       12  chromedriver                        0x0000000103331bc4 cxxbridge1$str$ptr + 2836888\nE       13  chromedriver                        0x0000000103342ce4 cxxbridge1$str$ptr + 2906808\nE       14  libsystem_pthread.dylib             0x0000000197cf3c0c _pthread_start + 136\nE       15  libsystem_pthread.dylib             0x0000000197ceeb80 thread_start + 8\n\nvenv/lib/python3.9/site-packages/selenium/webdriver/remote/errorhandler.py:232: MoveTargetOutOfBoundsException"}, "attachments": [{"name": "screenshot_on_failure", "source": "83e56495-9837-4a78-9f70-1ac642898424-attachment.png", "type": "image/png"}], "start": 1762734683686, "stop": 1762734688087, "uuid": "5bf2249d-721b-4037-81a2-774a2997d740", "historyId": "4c94af058bd10defa1e841e8603111d4", "testCaseId": "4c94af058bd10defa1e841e8603111d4", "fullName": "test_horizontal_slider.TestHorizontalSlider#test_slider_clicks", "labels": [{"name": "tag", "value": "slider"}, {"name": "suite", "value": "test_horizontal_slider"}, {"name": "subSuite", "value": "TestHorizontalSlider"}, {"name": "host", "value": "waffles.local"}, {"name": "thread", "value": "36436-MainThread"}, {"name": "framework", "value": "pytest"}, {"name": "language", "value": "cpython3"}, {"name": "package", "value": "test_horizontal_slider"}], "titlePath": ["test_horizontal_slider.py", "TestHorizontalSlider"]}