{"name": "test_styles_elements", "status": "failed", "statusDetails": {"message": "AssertionError: assert 'rgba(218, 75, 75, 1)' == 'rgba(0, 0, 0, 1)'\n  \n  \u001b[0m\u001b[91m- rgba(0, 0, 0, 1)\u001b[39;49;00m\u001b[90m\u001b[39;49;00m\n  \u001b[92m+ rgba(218, 75, 75, 1)\u001b[39;49;00m\u001b[90m\u001b[39;49;00m", "trace": "self = <test_disappearing_elements.TestDisappearingElements object at 0x105061970>, driver = <selenium.webdriver.chrome.webdriver.WebDriver (session=\"127c45d80fa2fdf16fb2617b4bdbab94\")>\n\n    @pytest.mark.elements\n    def test_styles_elements(self, driver):\n        driver.get(\"https://the-internet.herokuapp.com/disappearing_elements\")\n    \n        elements = driver.find_elements(By.XPATH, \"//div[@class='example']/ul/li/a\")\n        home_element = elements[0]\n    \n        allure.attach(\n            f\"Colour of element: {home_element.value_of_css_property('color')}\",\n             name=f\"Colour\",\n             attachment_type=allure.attachment_type.TEXT\n        )\n    \n        assert home_element.value_of_css_property('color') == \"rgba(218, 75, 75, 1)\"\n    \n        actions = ActionChains(driver)\n        actions.move_to_element(home_element)\n    \n        allure.attach(\n            f\"Colour of element: {home_element.value_of_css_property('color')}\",\n            name=f\"Colour\",\n            attachment_type=allure.attachment_type.TEXT\n        )\n    \n>       assert home_element.value_of_css_property('color') == \"rgba(0, 0, 0, 1)\"\nE       AssertionError: assert 'rgba(218, 75, 75, 1)' == 'rgba(0, 0, 0, 1)'\nE         \nE         \u001b[0m\u001b[91m- rgba(0, 0, 0, 1)\u001b[39;49;00m\u001b[90m\u001b[39;49;00m\nE         \u001b[92m+ rgba(218, 75, 75, 1)\u001b[39;49;00m\u001b[90m\u001b[39;49;00m\n\ntest_disappearing_elements.py:53: AssertionError"}, "attachments": [{"name": "Colour", "source": "cc37fb0d-e647-4944-ac46-64cd52be5804-attachment.txt", "type": "text/plain"}, {"name": "Colour", "source": "cfc7fae2-fb76-4957-bff6-13ce2369183b-attachment.txt", "type": "text/plain"}, {"name": "screenshot_on_failure", "source": "fa950073-2614-48e7-9fc7-37ebfad6c9cf-attachment.png", "type": "image/png"}], "start": 1762733898428, "stop": 1762733903798, "uuid": "49aea79c-e43c-4ea0-b47b-8bdacc8300eb", "historyId": "a3b1ec4405562b8c35a4999a3d309990", "testCaseId": "a3b1ec4405562b8c35a4999a3d309990", "fullName": "test_disappearing_elements.TestDisappearingElements#test_styles_elements", "labels": [{"name": "tag", "value": "elements"}, {"name": "suite", "value": "test_disappearing_elements"}, {"name": "subSuite", "value": "TestDisappearingElements"}, {"name": "host", "value": "waffles.local"}, {"name": "thread", "value": "35866-MainThread"}, {"name": "framework", "value": "pytest"}, {"name": "language", "value": "cpython3"}, {"name": "package", "value": "test_disappearing_elements"}], "titlePath": ["test_disappearing_elements.py", "TestDisappearingElements"]}