{"name": "test_dynamic_content_some", "status": "broken", "statusDetails": {"message": "selenium.common.exceptions.InvalidArgumentException: Message: invalid argument\n  (Session info: chrome=142.0.7444.135)\nStacktrace:\n0   chromedriver                        0x0000000100d5b3d8 cxxbridge1$str$ptr + 2941356\n1   chromedriver                        0x0000000100d53094 cxxbridge1$str$ptr + 2907752\n2   chromedriver                        0x000000010086a128 _RNvCsgXDX2mvAJAg_7___rustc35___rust_no_alloc_shim_is_unstable_v2 + 73616\n3   chromedriver                        0x0000000100854494 cxxbridge1$string$len + 1620\n4   chromedriver                        0x0000000100852abc chromedriver + 207548\n5   chromedriver                        0x00000001008533f8 chromedriver + 209912\n6   chromedriver                        0x000000010086d468 _RNvCsgXDX2mvAJAg_7___rustc35___rust_no_alloc_shim_is_unstable_v2 + 86736\n7   chromedriver                        0x00000001008f3844 _RNvCsgXDX2mvAJAg_7___rustc35___rust_no_alloc_shim_is_unstable_v2 + 636588\n8   chromedriver                        0x00000001008f2d84 _RNvCsgXDX2mvAJAg_7___rustc35___rust_no_alloc_shim_is_unstable_v2 + 633836\n9   chromedriver                        0x00000001008a5f18 _RNvCsgXDX2mvAJAg_7___rustc35___rust_no_alloc_shim_is_unstable_v2 + 318848\n10  chromedriver                        0x0000000100d1d81c cxxbridge1$str$ptr + 2688496\n11  chromedriver                        0x0000000100d21038 cxxbridge1$str$ptr + 2702860\n12  chromedriver                        0x0000000100cfe634 cxxbridge1$str$ptr + 2561032\n13  chromedriver                        0x0000000100d21910 cxxbridge1$str$ptr + 2705124\n14  chromedriver                        0x0000000100cefed4 cxxbridge1$str$ptr + 2501800\n15  chromedriver                        0x0000000100d41a40 cxxbridge1$str$ptr + 2836500\n16  chromedriver                        0x0000000100d41bc4 cxxbridge1$str$ptr + 2836888\n17  chromedriver                        0x0000000100d52ce4 cxxbridge1$str$ptr + 2906808\n18  libsystem_pthread.dylib             0x0000000197cf3c0c _pthread_start + 136\n19  libsystem_pthread.dylib             0x0000000197ceeb80 thread_start + 8", "trace": "self = <test_dynamic_content.TestDynamicContent object at 0x103748400>\ndriver = <selenium.webdriver.chrome.webdriver.WebDriver (session=\"f532bfffe713104cea869ec03c51ebb8\")>\n\n    @pytest.mark.dynamic\n    def test_dynamic_content_some(self, driver):\n>       driver.get(\"\")\n\ntest_dynamic_content.py:38: \n_ _ _ _ _ _ _ _ _ _ _ _ _ _ _ _ _ _ _ _ _ _ _ _ _ _ _ _ _ _ _ _ _ _ _ _ _ _ _ _ \nvenv/lib/python3.9/site-packages/selenium/webdriver/remote/webdriver.py:483: in get\n    self.execute(Command.GET, {\"url\": url})\nvenv/lib/python3.9/site-packages/selenium/webdriver/remote/webdriver.py:458: in execute\n    self.error_handler.check_response(response)\n_ _ _ _ _ _ _ _ _ _ _ _ _ _ _ _ _ _ _ _ _ _ _ _ _ _ _ _ _ _ _ _ _ _ _ _ _ _ _ _ \n\nself = <selenium.webdriver.remote.errorhandler.ErrorHandler object at 0x10370b310>\nresponse = {'status': 400, 'value': '{\"value\":{\"error\":\"invalid argument\",\"message\":\"invalid argument\\\\n  (Session info: chrome=1...000197cf3c0c _pthread_start + 136\\\\n19  libsystem_pthread.dylib             0x0000000197ceeb80 thread_start + 8\\\\n\"}}'}\n\n    def check_response(self, response: dict[str, Any]) -> None:\n        \"\"\"Checks that a JSON response from the WebDriver does not have an\n        error.\n    \n        :Args:\n         - response - The JSON response from the WebDriver server as a dictionary\n           object.\n    \n        :Raises: If the response contains an error message.\n        \"\"\"\n        status = response.get(\"status\", None)\n        if not status or status == ErrorCode.SUCCESS:\n            return\n        value = None\n        message = response.get(\"message\", \"\")\n        screen: str = response.get(\"screen\", \"\")\n        stacktrace = None\n        if isinstance(status, int):\n            value_json = response.get(\"value\", None)\n            if value_json and isinstance(value_json, str):\n                try:\n                    value = json.loads(value_json)\n                    if isinstance(value, dict):\n                        if len(value) == 1:\n                            value = value[\"value\"]\n                        status = value.get(\"error\", None)\n                        if not status:\n                            status = value.get(\"status\", ErrorCode.UNKNOWN_ERROR)\n                            message = value.get(\"value\") or value.get(\"message\")\n                            if not isinstance(message, str):\n                                value = message\n                                message = message.get(\"message\") if isinstance(message, dict) else None\n                        else:\n                            message = value.get(\"message\", None)\n                except ValueError:\n                    pass\n    \n        exception_class: type[WebDriverException]\n        e = ErrorCode()\n        error_codes = [item for item in dir(e) if not item.startswith(\"__\")]\n        for error_code in error_codes:\n            error_info = getattr(ErrorCode, error_code)\n            if isinstance(error_info, list) and status in error_info:\n                exception_class = getattr(ExceptionMapping, error_code, WebDriverException)\n                break\n        else:\n            exception_class = WebDriverException\n    \n        if not value:\n            value = response[\"value\"]\n        if isinstance(value, str):\n            raise exception_class(value)\n        if message == \"\" and \"message\" in value:\n            message = value[\"message\"]\n    \n        screen = None  # type: ignore[assignment]\n        if \"screen\" in value:\n            screen = value[\"screen\"]\n    \n        stacktrace = None\n        st_value = value.get(\"stackTrace\") or value.get(\"stacktrace\")\n        if st_value:\n            if isinstance(st_value, str):\n                stacktrace = st_value.split(\"\\n\")\n            else:\n                stacktrace = []\n                try:\n                    for frame in st_value:\n                        line = frame.get(\"lineNumber\", \"\")\n                        file = frame.get(\"fileName\", \"<anonymous>\")\n                        if line:\n                            file = f\"{file}:{line}\"\n                        meth = frame.get(\"methodName\", \"<anonymous>\")\n                        if \"className\" in frame:\n                            meth = f\"{frame['className']}.{meth}\"\n                        msg = \"    at %s (%s)\"\n                        msg = msg % (meth, file)\n                        stacktrace.append(msg)\n                except TypeError:\n                    pass\n        if exception_class == UnexpectedAlertPresentException:\n            alert_text = None\n            if \"data\" in value:\n                alert_text = value[\"data\"].get(\"text\")\n            elif \"alert\" in value:\n                alert_text = value[\"alert\"].get(\"text\")\n            raise exception_class(message, screen, stacktrace, alert_text)  # type: ignore[call-arg]  # mypy is not smart enough here\n>       raise exception_class(message, screen, stacktrace)\nE       selenium.common.exceptions.InvalidArgumentException: Message: invalid argument\nE         (Session info: chrome=142.0.7444.135)\nE       Stacktrace:\nE       0   chromedriver                        0x0000000100d5b3d8 cxxbridge1$str$ptr + 2941356\nE       1   chromedriver                        0x0000000100d53094 cxxbridge1$str$ptr + 2907752\nE       2   chromedriver                        0x000000010086a128 _RNvCsgXDX2mvAJAg_7___rustc35___rust_no_alloc_shim_is_unstable_v2 + 73616\nE       3   chromedriver                        0x0000000100854494 cxxbridge1$string$len + 1620\nE       4   chromedriver                        0x0000000100852abc chromedriver + 207548\nE       5   chromedriver                        0x00000001008533f8 chromedriver + 209912\nE       6   chromedriver                        0x000000010086d468 _RNvCsgXDX2mvAJAg_7___rustc35___rust_no_alloc_shim_is_unstable_v2 + 86736\nE       7   chromedriver                        0x00000001008f3844 _RNvCsgXDX2mvAJAg_7___rustc35___rust_no_alloc_shim_is_unstable_v2 + 636588\nE       8   chromedriver                        0x00000001008f2d84 _RNvCsgXDX2mvAJAg_7___rustc35___rust_no_alloc_shim_is_unstable_v2 + 633836\nE       9   chromedriver                        0x00000001008a5f18 _RNvCsgXDX2mvAJAg_7___rustc35___rust_no_alloc_shim_is_unstable_v2 + 318848\nE       10  chromedriver                        0x0000000100d1d81c cxxbridge1$str$ptr + 2688496\nE       11  chromedriver                        0x0000000100d21038 cxxbridge1$str$ptr + 2702860\nE       12  chromedriver                        0x0000000100cfe634 cxxbridge1$str$ptr + 2561032\nE       13  chromedriver                        0x0000000100d21910 cxxbridge1$str$ptr + 2705124\nE       14  chromedriver                        0x0000000100cefed4 cxxbridge1$str$ptr + 2501800\nE       15  chromedriver                        0x0000000100d41a40 cxxbridge1$str$ptr + 2836500\nE       16  chromedriver                        0x0000000100d41bc4 cxxbridge1$str$ptr + 2836888\nE       17  chromedriver                        0x0000000100d52ce4 cxxbridge1$str$ptr + 2906808\nE       18  libsystem_pthread.dylib             0x0000000197cf3c0c _pthread_start + 136\nE       19  libsystem_pthread.dylib             0x0000000197ceeb80 thread_start + 8\n\nvenv/lib/python3.9/site-packages/selenium/webdriver/remote/errorhandler.py:232: InvalidArgumentException"}, "attachments": [{"name": "screenshot_on_failure", "source": "c05c98d8-b7c5-42be-9fc9-43e0e6cd607b-attachment.png", "type": "image/png"}], "start": 1762585614308, "stop": 1762585614312, "uuid": "cfd83358-eac4-48da-8a4d-e1e7b1397340", "historyId": "573f0b0adfc41a0597af21f89a8ae47e", "testCaseId": "573f0b0adfc41a0597af21f89a8ae47e", "fullName": "test_dynamic_content.TestDynamicContent#test_dynamic_content_some", "labels": [{"name": "tag", "value": "dynamic"}, {"name": "suite", "value": "test_dynamic_content"}, {"name": "subSuite", "value": "TestDynamicContent"}, {"name": "host", "value": "waffles.local"}, {"name": "thread", "value": "15837-MainThread"}, {"name": "framework", "value": "pytest"}, {"name": "language", "value": "cpython3"}, {"name": "package", "value": "test_dynamic_content"}], "titlePath": ["test_dynamic_content.py", "TestDynamicContent"]}